#
# A fatal error has been detected by the Java Runtime Environment:
#
#  EXCEPTION_ACCESS_VIOLATION (0xc0000005) at pc=0x0000015dcd154465, pid=11860, tid=0x0000000000003c58
#
# JRE version: OpenJDK Runtime Environment (8.0_362-b08) (build 1.8.0_362-b08)
# Java VM: OpenJDK 64-Bit Server VM (25.362-b08 mixed mode windows-amd64 compressed oops)
# Problematic frame:
# C  [rxtxSerial.dll+0x4465]
#
# Failed to write core dump. Minidumps are not enabled by default on client versions of Windows
#
# If you would like to submit a bug report, please visit:
#   https://github.com/corretto/corretto-8/issues/
# The crash happened outside the Java Virtual Machine in native code.
# See problematic frame for where to report the bug.
#

---------------  T H R E A D  ---------------

Current thread (0x0000015dccf80800):  JavaThread "main" [_thread_in_native, id=15448, stack(0x0000004d3c500000,0x0000004d3c600000)]

siginfo: ExceptionCode=0xc0000005, reading address 0x000000003d4fee1c

Registers:
RAX=0x000000000000001c, RBX=0x0000015dccf80a60, RCX=0x0000004d3c5ff51c, RDX=0x0000000000000000
RSP=0x0000004d3c5fee00, RBP=0x0000000000000001, RSI=0x0000000000000000, RDI=0x0000000000000001
R8 =0x0000004d3c5feac0, R9 =0x0000015dcd150000, R10=0x0000000000000000, R11=0x0000000000000200
R12=0x000000003d4fee10, R13=0x0000000000000000, R14=0x0000004d3c5ff628, R15=0x0000015dccf80800
RIP=0x0000015dcd154465, EFLAGS=0x0000000000010202

Top of Stack: (sp=0x0000004d3c5fee00)
0x0000004d3c5fee00:   0000015dccf80a60 0000015dcd16c4c0
0x0000004d3c5fee10:   0000000000000000 0000000000000001
0x0000004d3c5fee20:   0000004d3c5fee78 0000004d3c5fef60
0x0000004d3c5fee30:   0000004d3c5ff628 0000000000000000
0x0000004d3c5fee40:   0000015dcd1541e0 0000000000000000
0x0000004d3c5fee50:   000000076c44c368 0000000000000000
0x0000004d3c5fee60:   0000000000000001 000000076c3d55c8
0x0000004d3c5fee70:   000000076c3d55c8 000000076c4b7360
0x0000004d3c5fee80:   000000076c3d5478 cafebabecafebabe
0x0000004d3c5fee90:   0000000000000000 0000000000000000
0x0000004d3c5feea0:   0000000000000000 0000000000000000
0x0000004d3c5feeb0:   0000000000000000 0000000000000000
0x0000004d3c5feec0:   0000000000000000 0000000000000000
0x0000004d3c5feed0:   0000000000000000 0000000000000000
0x0000004d3c5feee0:   0000000000000000 0000000000000000
0x0000004d3c5feef0:   0000000000000000 cafebabecafebabe 

Instructions: (pc=0x0000015dcd154465)
0x0000015dcd154445:   1b 48 8b d7 48 8b cb 41 ff 93 b8 00 00 00 45 84
0x0000015dcd154455:   ed 0f 85 97 00 00 00 4d 85 e4 0f 84 8e 00 00 00
0x0000015dcd154465:   41 83 7c 24 0c 00 0f 84 82 00 00 00 4c 8d 44 24
0x0000015dcd154475:   30 48 8d 4c 24 38 4d 8b cc 48 8b d3 e8 8a f4 ff 


Register to memory mapping:

RAX=0x000000000000001c is an unknown value
RBX=0x0000015dccf80a60 is an unknown value
RCX=0x0000004d3c5ff51c is pointing into the stack for thread: 0x0000015dccf80800
RDX=0x0000000000000000 is an unknown value
RSP=0x0000004d3c5fee00 is pointing into the stack for thread: 0x0000015dccf80800
RBP=0x0000000000000001 is an unknown value
RSI=0x0000000000000000 is an unknown value
RDI=0x0000000000000001 is an unknown value
R8 =0x0000004d3c5feac0 is pointing into the stack for thread: 0x0000015dccf80800
R9 =0x0000015dcd150000 is an unknown value
R10=0x0000000000000000 is an unknown value
R11=0x0000000000000200 is an unknown value
R12=0x000000003d4fee10 is an unknown value
R13=0x0000000000000000 is an unknown value
R14=0x0000004d3c5ff628 is pointing into the stack for thread: 0x0000015dccf80800
R15=0x0000015dccf80800 is a thread


Stack: [0x0000004d3c500000,0x0000004d3c600000],  sp=0x0000004d3c5fee00,  free space=1019k
Native frames: (J=compiled Java code, j=interpreted, Vv=VM code, C=native code)
C  [rxtxSerial.dll+0x4465]
C  0x0000015dce9d9c8e

Java frames: (J=compiled Java code, j=interpreted, Vv=VM code)
j  gnu.io.RXTXPort.nativeDrain(Z)Z+0
j  gnu.io.RXTXPort$SerialOutputStream.flush()V+92
j  com.grupohdi.starc.framework.SerialPortClass.write(Ljava/lang/String;)V+19
j  com.grupohdi.starc.framework.serialPort.ChangeTarjeta(Ljava/lang/String;Ljava/lang/String;)V+17
j  com.grupohdi.starc.framework.serialPort.main([Ljava/lang/String;)V+42
v  ~StubRoutines::call_stub

---------------  P R O C E S S  ---------------

Java Threads: ( => current thread )
  0x0000015de8d0a000 JavaThread "Thread-0" [_thread_in_native, id=23576, stack(0x0000004d3d400000,0x0000004d3d500000)]
  0x0000015de8137800 JavaThread "Service Thread" daemon [_thread_blocked, id=1440, stack(0x0000004d3d200000,0x0000004d3d300000)]
  0x0000015de80ec800 JavaThread "C1 CompilerThread2" daemon [_thread_blocked, id=23512, stack(0x0000004d3d100000,0x0000004d3d200000)]
  0x0000015de80a2000 JavaThread "C2 CompilerThread1" daemon [_thread_blocked, id=25592, stack(0x0000004d3d000000,0x0000004d3d100000)]
  0x0000015de809d800 JavaThread "C2 CompilerThread0" daemon [_thread_blocked, id=8056, stack(0x0000004d3cf00000,0x0000004d3d000000)]
  0x0000015de8093800 JavaThread "Attach Listener" daemon [_thread_blocked, id=10656, stack(0x0000004d3ce00000,0x0000004d3cf00000)]
  0x0000015de8092000 JavaThread "Signal Dispatcher" daemon [_thread_blocked, id=14196, stack(0x0000004d3cd00000,0x0000004d3ce00000)]
  0x0000015de792d800 JavaThread "Finalizer" daemon [_thread_blocked, id=3836, stack(0x0000004d3cc00000,0x0000004d3cd00000)]
  0x0000015de8066000 JavaThread "Reference Handler" daemon [_thread_blocked, id=18576, stack(0x0000004d3cb00000,0x0000004d3cc00000)]
=>0x0000015dccf80800 JavaThread "main" [_thread_in_native, id=15448, stack(0x0000004d3c500000,0x0000004d3c600000)]

Other Threads:
  0x0000015de7923800 VMThread [stack: 0x0000004d3ca00000,0x0000004d3cb00000] [id=24892]
  0x0000015de813a800 WatcherThread [stack: 0x0000004d3d300000,0x0000004d3d400000] [id=25488]

VM state:not at safepoint (normal execution)

VM Mutex/Monitor currently owned by a thread: None

heap address: 0x00000006c4a00000, size: 4022 MB, Compressed Oops mode: Zero based, Oop shift amount: 3
Narrow klass base: 0x0000000000000000, Narrow klass shift: 3
Compressed class space size: 1073741824 Address: 0x00000007c0000000

Heap:
 PSYoungGen      total 75264K, used 3870K [0x000000076c380000, 0x0000000771780000, 0x00000007c0000000)
  eden space 64512K, 6% used [0x000000076c380000,0x000000076c747b10,0x0000000770280000)
  from space 10752K, 0% used [0x0000000770d00000,0x0000000770d00000,0x0000000771780000)
  to   space 10752K, 0% used [0x0000000770280000,0x0000000770280000,0x0000000770d00000)
 ParOldGen       total 172032K, used 0K [0x00000006c4a00000, 0x00000006cf200000, 0x000000076c380000)
  object space 172032K, 0% used [0x00000006c4a00000,0x00000006c4a00000,0x00000006cf200000)
 Metaspace       used 3135K, capacity 4664K, committed 4864K, reserved 1056768K
  class space    used 331K, capacity 424K, committed 512K, reserved 1048576K

Card table byte_map: [0x0000015dddd80000,0x0000015dde560000] byte_map_base: 0x0000015dda75b000

Marking Bits: (ParMarkBitMap*) 0x0000000077066830
 Begin Bits: [0x0000015ddeaa0000, 0x0000015de2978000)
 End Bits:   [0x0000015de2978000, 0x0000015de6850000)

Polling page: 0x0000015dcd0e0000

CodeCache: size=245760Kb used=1229Kb max_used=1229Kb free=244530Kb
 bounds [0x0000015dce9c0000, 0x0000015dcec30000, 0x0000015ddd9c0000]
 total_blobs=326 nmethods=82 adapters=157
 compilation: enabled

Compilation events (10 events):
Event: 1.135 Thread 0x0000015de80ec800   78       1       java.net.URL::getPath (5 bytes)
Event: 1.135 Thread 0x0000015de80ec800 nmethod 78 0x0000015dceaea8d0 code [0x0000015dceaeaa20, 0x0000015dceaeab38]
Event: 1.135 Thread 0x0000015de80ec800   77       1       java.net.URL::getAuthority (5 bytes)
Event: 1.135 Thread 0x0000015de80ec800 nmethod 77 0x0000015dceaf18d0 code [0x0000015dceaf1a20, 0x0000015dceaf1b38]
Event: 1.135 Thread 0x0000015de80ec800   79   !   3       sun.misc.URLClassPath$JarLoader::getResource (85 bytes)
Event: 1.136 Thread 0x0000015de80ec800 nmethod 79 0x0000015dceaf1b90 code [0x0000015dceaf1de0, 0x0000015dceaf29f0]
Event: 1.137 Thread 0x0000015de80ec800   80       3       java.lang.System::getSecurityManager (4 bytes)
Event: 1.137 Thread 0x0000015de80ec800 nmethod 80 0x0000015dceaf30d0 code [0x0000015dceaf3220, 0x0000015dceaf3378]
Event: 1.138 Thread 0x0000015de80ec800   81       3       java.util.concurrent.ConcurrentHashMap::setTabAt (19 bytes)
Event: 1.138 Thread 0x0000015de80ec800 nmethod 81 0x0000015dceaf37d0 code [0x0000015dceaf3920, 0x0000015dceaf3a98]

GC Heap History (0 events):
No events

Deoptimization events (0 events):
No events

Classes redefined (0 events):
No events

Internal exceptions (6 events):
Event: 0.049 Thread 0x0000015dccf80800 Exception <a 'java/lang/NoSuchMethodError': Method sun.misc.Unsafe.defineClass(Ljava/lang/String;[BII)Ljava/lang/Class; name or signature does not match> (0x000000076c3882a0) thrown at [C:\wsjdk\Corretto8Src\installers\windows\zip\corretto-build\buildRoot
Event: 0.049 Thread 0x0000015dccf80800 Exception <a 'java/lang/NoSuchMethodError': Method sun.misc.Unsafe.prefetchRead(Ljava/lang/Object;J)V name or signature does not match> (0x000000076c388588) thrown at [C:\wsjdk\Corretto8Src\installers\windows\zip\corretto-build\buildRoot\hotspot\src\share
Event: 0.671 Thread 0x0000015dccf80800 Exception <a 'java/io/FileNotFoundException'> (0x000000076c44f9f8) thrown at [C:\wsjdk\Corretto8Src\installers\windows\zip\corretto-build\buildRoot\hotspot\src\share\vm\prims\jni.cpp, line 709]
Event: 0.897 Thread 0x0000015dccf80800 Exception <a 'java/io/FileNotFoundException'> (0x000000076c4665d0) thrown at [C:\wsjdk\Corretto8Src\installers\windows\zip\corretto-build\buildRoot\hotspot\src\share\vm\prims\jni.cpp, line 709]
Event: 0.899 Thread 0x0000015dccf80800 Exception <a 'java/io/FileNotFoundException'> (0x000000076c476eb0) thrown at [C:\wsjdk\Corretto8Src\installers\windows\zip\corretto-build\buildRoot\hotspot\src\share\vm\prims\jni.cpp, line 709]
Event: 1.132 Thread 0x0000015dccf80800 Exception <a 'java/io/FileNotFoundException'> (0x000000076c48d418) thrown at [C:\wsjdk\Corretto8Src\installers\windows\zip\corretto-build\buildRoot\hotspot\src\share\vm\prims\jni.cpp, line 709]

Events (10 events):
Event: 1.135 loading class java/io/RandomAccessFile done
Event: 1.135 loading class java/lang/NumberFormatException
Event: 1.135 loading class java/lang/NumberFormatException done
Event: 1.136 loading class java/lang/IndexOutOfBoundsException
Event: 1.136 loading class java/lang/IndexOutOfBoundsException done
Event: 1.138 loading class gnu/io/RXTXPort$MonitorThread
Event: 1.138 loading class gnu/io/RXTXPort$MonitorThread done
Event: 1.139 Thread 0x0000015de8d0a000 Thread added: 0x0000015de8d0a000
Event: 4.150 loading class java/lang/StringCoding$StringEncoder
Event: 4.150 loading class java/lang/StringCoding$StringEncoder done


Dynamic libraries:
0x00007ff63cf30000 - 0x00007ff63cf6a000 	C:\Program Files\Amazon Corretto\jdk1.8.0_362\bin\java.exe
0x00007fff3f070000 - 0x00007fff3f268000 	C:\WINDOWS\SYSTEM32\ntdll.dll
0x00007fff3e000000 - 0x00007fff3e0bf000 	C:\WINDOWS\System32\KERNEL32.DLL
0x00007fff3cab0000 - 0x00007fff3cda6000 	C:\WINDOWS\System32\KERNELBASE.dll
0x00007fff397c0000 - 0x00007fff39851000 	C:\WINDOWS\SYSTEM32\apphelp.dll
0x00007fff3e960000 - 0x00007fff3ea0f000 	C:\WINDOWS\System32\ADVAPI32.dll
0x00007fff3ecd0000 - 0x00007fff3ed6e000 	C:\WINDOWS\System32\msvcrt.dll
0x00007fff3dda0000 - 0x00007fff3de3c000 	C:\WINDOWS\System32\sechost.dll
0x00007fff3d0d0000 - 0x00007fff3d1f6000 	C:\WINDOWS\System32\RPCRT4.dll
0x00007fff3e7c0000 - 0x00007fff3e95d000 	C:\WINDOWS\System32\USER32.dll
0x00007fff3ced0000 - 0x00007fff3cef2000 	C:\WINDOWS\System32\win32u.dll
0x00007fff3f000000 - 0x00007fff3f02c000 	C:\WINDOWS\System32\GDI32.dll
0x00007fff3cdb0000 - 0x00007fff3cec5000 	C:\WINDOWS\System32\gdi32full.dll
0x00007fff3c750000 - 0x00007fff3c7ed000 	C:\WINDOWS\System32\msvcp_win.dll
0x00007fff3c7f0000 - 0x00007fff3c8f0000 	C:\WINDOWS\System32\ucrtbase.dll
0x00007fff2f660000 - 0x00007fff2f8fa000 	C:\WINDOWS\WinSxS\amd64_microsoft.windows.common-controls_6595b64144ccf1df_6.0.19041.1110_none_60b5254171f9507e\COMCTL32.dll
0x00007fff3e190000 - 0x00007fff3e1c0000 	C:\WINDOWS\System32\IMM32.DLL
0x0000015dcd100000 - 0x0000015dcd114000 	C:\WINDOWS\System32\umppc16812.dll
0x00007fff15f10000 - 0x00007fff15fff000 	C:\Program Files\Amazon Corretto\jdk1.8.0_362\jre\bin\msvcr120.dll
0x00007fff17440000 - 0x00007fff174e6000 	C:\Program Files\Amazon Corretto\jdk1.8.0_362\jre\bin\msvcp120.dll
0x0000000076870000 - 0x00000000770e5000 	C:\Program Files\Amazon Corretto\jdk1.8.0_362\jre\bin\server\jvm.dll
0x00007fff3e7b0000 - 0x00007fff3e7b8000 	C:\WINDOWS\System32\PSAPI.DLL
0x00007fff2be70000 - 0x00007fff2be79000 	C:\WINDOWS\SYSTEM32\WSOCK32.dll
0x00007fff3d560000 - 0x00007fff3d5cb000 	C:\WINDOWS\System32\WS2_32.dll
0x00007fff2c2a0000 - 0x00007fff2c2c7000 	C:\WINDOWS\SYSTEM32\WINMM.dll
0x00007fff36250000 - 0x00007fff3625a000 	C:\WINDOWS\SYSTEM32\VERSION.dll
0x00007fff3adf0000 - 0x00007fff3adff000 	C:\Program Files\Amazon Corretto\jdk1.8.0_362\jre\bin\verify.dll
0x00007fff39a70000 - 0x00007fff39a99000 	C:\Program Files\Amazon Corretto\jdk1.8.0_362\jre\bin\java.dll
0x00007fff2e950000 - 0x00007fff2e966000 	C:\Program Files\Amazon Corretto\jdk1.8.0_362\jre\bin\zip.dll
0x00007fff3d5f0000 - 0x00007fff3dd34000 	C:\WINDOWS\System32\SHELL32.dll
0x00007fff3a620000 - 0x00007fff3adb3000 	C:\WINDOWS\SYSTEM32\windows.storage.dll
0x00007fff3d200000 - 0x00007fff3d554000 	C:\WINDOWS\System32\combase.dll
0x00007fff3c140000 - 0x00007fff3c16e000 	C:\WINDOWS\SYSTEM32\Wldp.dll
0x00007fff3ec20000 - 0x00007fff3eccd000 	C:\WINDOWS\System32\SHCORE.dll
0x00007fff3efa0000 - 0x00007fff3eff5000 	C:\WINDOWS\System32\shlwapi.dll
0x00007fff3c690000 - 0x00007fff3c6af000 	C:\WINDOWS\SYSTEM32\profapi.dll
0x0000015dcd150000 - 0x0000015dcd175000 	C:\Windows\System32\rxtxSerial.dll
0x00007fff29d60000 - 0x00007fff29f44000 	C:\WINDOWS\SYSTEM32\dbghelp.dll
0x00007fff3c940000 - 0x00007fff3c9c2000 	C:\WINDOWS\System32\bcryptPrimitives.dll

VM Arguments:
java_command: OpenSerial.jar COM5 4
java_class_path (initial): OpenSerial.jar
Launcher Type: SUN_STANDARD

Environment Variables:
JAVA_HOME=C:\Program Files\Amazon Corretto\jdk1.8.0_362
PATH=C:\Program Files\Amazon Corretto\jdk1.8.0_362\bin;C:\Program Files (x86)\Common Files\Oracle\Java\javapath;C:\Program Files\Microsoft MPI\Bin\;C:\Program Files (x86)\Micro Focus\Extra!\;D:\app\product\11.2.0\client_1\bin;C:\WINDOWS\system32;C:\WINDOWS;C:\WINDOWS\System32\Wbem;C:\WINDOWS\System32\WindowsPowerShell\v1.0\;C:\Program Files (x86)\HP\Unified Functional Testing\bin;C:\Program Files (x86)\IBM\Client Access\Emulator;C:\Program Files (x86)\IBM\Client Access\Shared;C:\Program Files (x86)\IBM\Client Access\;C:\Program Files (x86)\Microsoft SQL Server\Client SDK\ODBC\130\Tools\Binn\;C:\Program Files (x86)\Microsoft SQL Server\140\Tools\Binn\;C:\Program Files (x86)\Microsoft SQL Server\140\DTS\Binn\;C:\Program Files (x86)\Microsoft SQL Server\140\Tools\Binn\ManagementStudio\;C:\Program Files\Microsoft SQL Server\140\Tools\Binn\;C:\Program Files\Microsoft SQL Server\140\DTS\Binn\;C:\Program Files\Microsoft SQL Server\Client SDK\ODBC\130\Tools\Binn\;C:\WINDOWS\System32\OpenSSH\;C:\Program Files (x86)\Intel\Intel(R) Management Engine Components\DAL;C:\Program Files\Intel\Intel(R) Management Engine Components\DAL;C:\Program Files\Java\jdk1.8.0_202\bin;C:\Program Files\gs\gs10.00.0\bin;C:\Users\TEMP.BANCOLOMBIA.014\AppData\Local\Microsoft\WindowsApps;
USERNAME=cvelasqu
OS=Windows_NT
PROCESSOR_IDENTIFIER=Intel64 Family 6 Model 158 Stepping 9, GenuineIntel



---------------  S Y S T E M  ---------------

OS: Windows 10 , 64 bit Build 19041 (10.0.19041.2913)

CPU:total 4 (initial active 4) (4 cores per cpu, 1 threads per core) family 6 model 158 stepping 9, cmov, cx8, fxsr, mmx, sse, sse2, sse3, ssse3, sse4.1, sse4.2, popcnt, avx, avx2, aes, clmul, erms, rtm, 3dnowpref, lzcnt, tsc, tscinvbit, bmi1, bmi2, adx

Memory: 4k page, physical 16473552k(2245224k free), swap 49160600k(5568404k free)

vm_info: OpenJDK 64-Bit Server VM (25.362-b08) for windows-amd64 JRE (1.8.0_362-b08), built on Jan 13 2023 13:30:12 by "Administrator" with MS VC++ 12.0 (VS2013)

time: Tue Jun 27 11:27:10 2023
timezone: Hora est. Pacífico, Sudamérica
elapsed time: 4.206109 seconds (0d 0h 0m 4s)

