#
# A fatal error has been detected by the Java Runtime Environment:
#
#  EXCEPTION_ACCESS_VIOLATION (0xc0000005) at pc=0x000001a400634465, pid=22764, tid=0x0000000000002da8
#
# JRE version: OpenJDK Runtime Environment (8.0_362-b08) (build 1.8.0_362-b08)
# Java VM: OpenJDK 64-Bit Server VM (25.362-b08 mixed mode windows-amd64 compressed oops)
# Problematic frame:
# C  [rxtxSerial.dll+0x4465]
#
# Failed to write core dump. Minidumps are not enabled by default on client versions of Windows
#
# If you would like to submit a bug report, please visit:
#   https://github.com/corretto/corretto-8/issues/
# The crash happened outside the Java Virtual Machine in native code.
# See problematic frame for where to report the bug.
#

---------------  T H R E A D  ---------------

Current thread (0x000001a400501000):  JavaThread "main" [_thread_in_native, id=11688, stack(0x00000019a2c00000,0x00000019a2d00000)]

siginfo: ExceptionCode=0xc0000005, reading address 0xffffffffa3bff16c

Registers:
RAX=0x000000000000001c, RBX=0x000001a400501260, RCX=0x00000019a2cff0dc, RDX=0x0000000000000000
RSP=0x00000019a2cfe9c0, RBP=0x0000000000000001, RSI=0x0000000000000000, RDI=0x0000000000000001
R8 =0x00000019a2cfe680, R9 =0x000001a400630000, R10=0x0000000000000000, R11=0x0000000000000200
R12=0xffffffffa3bff160, R13=0x0000000000000000, R14=0x00000019a2cff1e8, R15=0x000001a400501000
RIP=0x000001a400634465, EFLAGS=0x0000000000010286

Top of Stack: (sp=0x00000019a2cfe9c0)
0x00000019a2cfe9c0:   000001a400501260 000001a40064c4c0
0x00000019a2cfe9d0:   0000000000000000 0000000000000001
0x00000019a2cfe9e0:   00000019a2cfea38 00000019a2cfeb20
0x00000019a2cfe9f0:   00000019a2cff1e8 0000000000000000
0x00000019a2cfea00:   000001a4006341e0 0000000000000000
0x00000019a2cfea10:   000000076c44c368 0000000000000000
0x00000019a2cfea20:   0000000000000001 000000076c3d55c8
0x00000019a2cfea30:   000000076c3d55c8 000000076c4b7360
0x00000019a2cfea40:   000000076c3d5478 cafebabecafebabe
0x00000019a2cfea50:   0000000000000000 0000000000000000
0x00000019a2cfea60:   0000000000000000 0000000000000000
0x00000019a2cfea70:   0000000000000000 0000000000000000
0x00000019a2cfea80:   0000000000000000 0000000000000000
0x00000019a2cfea90:   0000000000000000 0000000000000000
0x00000019a2cfeaa0:   0000000000000000 0000000000000000
0x00000019a2cfeab0:   0000000000000000 cafebabecafebabe 

Instructions: (pc=0x000001a400634465)
0x000001a400634445:   1b 48 8b d7 48 8b cb 41 ff 93 b8 00 00 00 45 84
0x000001a400634455:   ed 0f 85 97 00 00 00 4d 85 e4 0f 84 8e 00 00 00
0x000001a400634465:   41 83 7c 24 0c 00 0f 84 82 00 00 00 4c 8d 44 24
0x000001a400634475:   30 48 8d 4c 24 38 4d 8b cc 48 8b d3 e8 8a f4 ff 


Register to memory mapping:

RAX=0x000000000000001c is an unknown value
RBX=0x000001a400501260 is an unknown value
RCX=0x00000019a2cff0dc is pointing into the stack for thread: 0x000001a400501000
RDX=0x0000000000000000 is an unknown value
RSP=0x00000019a2cfe9c0 is pointing into the stack for thread: 0x000001a400501000
RBP=0x0000000000000001 is an unknown value
RSI=0x0000000000000000 is an unknown value
RDI=0x0000000000000001 is an unknown value
R8 =0x00000019a2cfe680 is pointing into the stack for thread: 0x000001a400501000
R9 =0x000001a400630000 is an unknown value
R10=0x0000000000000000 is an unknown value
R11=0x0000000000000200 is an unknown value
R12=0xffffffffa3bff160 is an unknown value
R13=0x0000000000000000 is an unknown value
R14=0x00000019a2cff1e8 is pointing into the stack for thread: 0x000001a400501000
R15=0x000001a400501000 is a thread


Stack: [0x00000019a2c00000,0x00000019a2d00000],  sp=0x00000019a2cfe9c0,  free space=1018k
Native frames: (J=compiled Java code, j=interpreted, Vv=VM code, C=native code)
C  [rxtxSerial.dll+0x4465]
C  0x000001a401f69c8e

Java frames: (J=compiled Java code, j=interpreted, Vv=VM code)
j  gnu.io.RXTXPort.nativeDrain(Z)Z+0
j  gnu.io.RXTXPort$SerialOutputStream.flush()V+92
j  com.grupohdi.starc.framework.SerialPortClass.write(Ljava/lang/String;)V+19
j  com.grupohdi.starc.framework.serialPort.ChangeTarjeta(Ljava/lang/String;Ljava/lang/String;)V+17
j  com.grupohdi.starc.framework.serialPort.main([Ljava/lang/String;)V+42
v  ~StubRoutines::call_stub

---------------  P R O C E S S  ---------------

Java Threads: ( => current thread )
  0x000001a41c2b4800 JavaThread "Thread-0" [_thread_in_native, id=4316, stack(0x00000019a3b00000,0x00000019a3c00000)]
  0x000001a41b686000 JavaThread "Service Thread" daemon [_thread_blocked, id=16996, stack(0x00000019a3900000,0x00000019a3a00000)]
  0x000001a41b675000 JavaThread "C1 CompilerThread2" daemon [_thread_blocked, id=7444, stack(0x00000019a3800000,0x00000019a3900000)]
  0x000001a41b61c000 JavaThread "C2 CompilerThread1" daemon [_thread_blocked, id=20404, stack(0x00000019a3700000,0x00000019a3800000)]
  0x000001a41b618800 JavaThread "C2 CompilerThread0" daemon [_thread_blocked, id=23664, stack(0x00000019a3600000,0x00000019a3700000)]
  0x000001a41b614800 JavaThread "Attach Listener" daemon [_thread_blocked, id=20672, stack(0x00000019a3500000,0x00000019a3600000)]
  0x000001a41b613000 JavaThread "Signal Dispatcher" daemon [_thread_blocked, id=16800, stack(0x00000019a3400000,0x00000019a3500000)]
  0x000001a41aebd800 JavaThread "Finalizer" daemon [_thread_blocked, id=25352, stack(0x00000019a3300000,0x00000019a3400000)]
  0x000001a41b5e6800 JavaThread "Reference Handler" daemon [_thread_blocked, id=4700, stack(0x00000019a3200000,0x00000019a3300000)]
=>0x000001a400501000 JavaThread "main" [_thread_in_native, id=11688, stack(0x00000019a2c00000,0x00000019a2d00000)]

Other Threads:
  0x000001a41b5c1800 VMThread [stack: 0x00000019a3100000,0x00000019a3200000] [id=20888]
  0x000001a41b687800 WatcherThread [stack: 0x00000019a3a00000,0x00000019a3b00000] [id=22544]

VM state:not at safepoint (normal execution)

VM Mutex/Monitor currently owned by a thread: None

heap address: 0x00000006c4a00000, size: 4022 MB, Compressed Oops mode: Zero based, Oop shift amount: 3
Narrow klass base: 0x0000000000000000, Narrow klass shift: 3
Compressed class space size: 1073741824 Address: 0x00000007c0000000

Heap:
 PSYoungGen      total 75264K, used 3870K [0x000000076c380000, 0x0000000771780000, 0x00000007c0000000)
  eden space 64512K, 6% used [0x000000076c380000,0x000000076c747b10,0x0000000770280000)
  from space 10752K, 0% used [0x0000000770d00000,0x0000000770d00000,0x0000000771780000)
  to   space 10752K, 0% used [0x0000000770280000,0x0000000770280000,0x0000000770d00000)
 ParOldGen       total 172032K, used 0K [0x00000006c4a00000, 0x00000006cf200000, 0x000000076c380000)
  object space 172032K, 0% used [0x00000006c4a00000,0x00000006c4a00000,0x00000006cf200000)
 Metaspace       used 3136K, capacity 4664K, committed 4864K, reserved 1056768K
  class space    used 331K, capacity 424K, committed 512K, reserved 1048576K

Card table byte_map: [0x000001a411310000,0x000001a411af0000] byte_map_base: 0x000001a40dceb000

Marking Bits: (ParMarkBitMap*) 0x0000000077066830
 Begin Bits: [0x000001a412030000, 0x000001a415f08000)
 End Bits:   [0x000001a415f08000, 0x000001a419de0000)

Polling page: 0x000001a400470000

CodeCache: size=245760Kb used=1243Kb max_used=1243Kb free=244517Kb
 bounds [0x000001a401f50000, 0x000001a4021c0000, 0x000001a410f50000]
 total_blobs=325 nmethods=81 adapters=157
 compilation: enabled

Compilation events (10 events):
Event: 1.270 Thread 0x000001a41b675000   75  s    3       sun.misc.URLClassPath::getNextLoader (88 bytes)
Event: 1.271 Thread 0x000001a41b675000 nmethod 75 0x000001a402081e50 code [0x000001a402082020, 0x000001a4020828f0]
Event: 1.271 Thread 0x000001a41b675000   79       3       java.lang.System::getSecurityManager (4 bytes)
Event: 1.271 Thread 0x000001a41b675000 nmethod 79 0x000001a402081b50 code [0x000001a402081ca0, 0x000001a402081df8]
Event: 1.271 Thread 0x000001a41b675000   78       1       java.net.URL::getPath (5 bytes)
Event: 1.272 Thread 0x000001a41b675000 nmethod 78 0x000001a402081890 code [0x000001a4020819e0, 0x000001a402081af8]
Event: 1.272 Thread 0x000001a41b675000   77       1       java.net.URL::getAuthority (5 bytes)
Event: 1.272 Thread 0x000001a41b675000 nmethod 77 0x000001a4020815d0 code [0x000001a402081720, 0x000001a402081838]
Event: 1.274 Thread 0x000001a41b675000   80       3       java.util.concurrent.ConcurrentHashMap::setTabAt (19 bytes)
Event: 1.274 Thread 0x000001a41b675000 nmethod 80 0x000001a402080e90 code [0x000001a402080fe0, 0x000001a402081158]

GC Heap History (0 events):
No events

Deoptimization events (0 events):
No events

Classes redefined (0 events):
No events

Internal exceptions (6 events):
Event: 0.088 Thread 0x000001a400501000 Exception <a 'java/lang/NoSuchMethodError': Method sun.misc.Unsafe.defineClass(Ljava/lang/String;[BII)Ljava/lang/Class; name or signature does not match> (0x000000076c3882a0) thrown at [C:\wsjdk\Corretto8Src\installers\windows\zip\corretto-build\buildRoot
Event: 0.088 Thread 0x000001a400501000 Exception <a 'java/lang/NoSuchMethodError': Method sun.misc.Unsafe.prefetchRead(Ljava/lang/Object;J)V name or signature does not match> (0x000000076c388588) thrown at [C:\wsjdk\Corretto8Src\installers\windows\zip\corretto-build\buildRoot\hotspot\src\share
Event: 0.748 Thread 0x000001a400501000 Exception <a 'java/io/FileNotFoundException'> (0x000000076c44f9f8) thrown at [C:\wsjdk\Corretto8Src\installers\windows\zip\corretto-build\buildRoot\hotspot\src\share\vm\prims\jni.cpp, line 709]
Event: 1.018 Thread 0x000001a400501000 Exception <a 'java/io/FileNotFoundException'> (0x000000076c4665d0) thrown at [C:\wsjdk\Corretto8Src\installers\windows\zip\corretto-build\buildRoot\hotspot\src\share\vm\prims\jni.cpp, line 709]
Event: 1.022 Thread 0x000001a400501000 Exception <a 'java/io/FileNotFoundException'> (0x000000076c476eb0) thrown at [C:\wsjdk\Corretto8Src\installers\windows\zip\corretto-build\buildRoot\hotspot\src\share\vm\prims\jni.cpp, line 709]
Event: 1.260 Thread 0x000001a400501000 Exception <a 'java/io/FileNotFoundException'> (0x000000076c48d418) thrown at [C:\wsjdk\Corretto8Src\installers\windows\zip\corretto-build\buildRoot\hotspot\src\share\vm\prims\jni.cpp, line 709]

Events (10 events):
Event: 1.268 loading class java/lang/NumberFormatException done
Event: 1.270 loading class java/lang/IndexOutOfBoundsException
Event: 1.270 loading class java/lang/IndexOutOfBoundsException done
Event: 1.274 loading class gnu/io/RXTXPort$MonitorThread
Event: 1.274 loading class gnu/io/RXTXPort$MonitorThread done
Event: 1.277 Thread 0x000001a41c2b4800 Thread added: 0x000001a41c2b4800
Event: 4.221 Executing VM operation: EnableBiasedLocking
Event: 4.221 Executing VM operation: EnableBiasedLocking done
Event: 4.284 loading class java/lang/StringCoding$StringEncoder
Event: 4.284 loading class java/lang/StringCoding$StringEncoder done


Dynamic libraries:
0x00007ff63cf30000 - 0x00007ff63cf6a000 	C:\Program Files\Amazon Corretto\jdk1.8.0_362\bin\java.exe
0x00007fff3f070000 - 0x00007fff3f268000 	C:\WINDOWS\SYSTEM32\ntdll.dll
0x00007fff3e000000 - 0x00007fff3e0bf000 	C:\WINDOWS\System32\KERNEL32.DLL
0x00007fff3cab0000 - 0x00007fff3cda6000 	C:\WINDOWS\System32\KERNELBASE.dll
0x00007fff397c0000 - 0x00007fff39851000 	C:\WINDOWS\SYSTEM32\apphelp.dll
0x00007fff3e960000 - 0x00007fff3ea0f000 	C:\WINDOWS\System32\ADVAPI32.dll
0x00007fff3ecd0000 - 0x00007fff3ed6e000 	C:\WINDOWS\System32\msvcrt.dll
0x00007fff3dda0000 - 0x00007fff3de3c000 	C:\WINDOWS\System32\sechost.dll
0x00007fff3d0d0000 - 0x00007fff3d1f6000 	C:\WINDOWS\System32\RPCRT4.dll
0x00007fff3e7c0000 - 0x00007fff3e95d000 	C:\WINDOWS\System32\USER32.dll
0x00007fff3ced0000 - 0x00007fff3cef2000 	C:\WINDOWS\System32\win32u.dll
0x00007fff3f000000 - 0x00007fff3f02c000 	C:\WINDOWS\System32\GDI32.dll
0x00007fff3cdb0000 - 0x00007fff3cec5000 	C:\WINDOWS\System32\gdi32full.dll
0x00007fff3c750000 - 0x00007fff3c7ed000 	C:\WINDOWS\System32\msvcp_win.dll
0x00007fff3c7f0000 - 0x00007fff3c8f0000 	C:\WINDOWS\System32\ucrtbase.dll
0x00007fff2f660000 - 0x00007fff2f8fa000 	C:\WINDOWS\WinSxS\amd64_microsoft.windows.common-controls_6595b64144ccf1df_6.0.19041.1110_none_60b5254171f9507e\COMCTL32.dll
0x00007fff3e190000 - 0x00007fff3e1c0000 	C:\WINDOWS\System32\IMM32.DLL
0x000001a400490000 - 0x000001a4004a4000 	C:\WINDOWS\System32\umppc16812.dll
0x00007fff15f10000 - 0x00007fff15fff000 	C:\Program Files\Amazon Corretto\jdk1.8.0_362\jre\bin\msvcr120.dll
0x00007fff17440000 - 0x00007fff174e6000 	C:\Program Files\Amazon Corretto\jdk1.8.0_362\jre\bin\msvcp120.dll
0x0000000076870000 - 0x00000000770e5000 	C:\Program Files\Amazon Corretto\jdk1.8.0_362\jre\bin\server\jvm.dll
0x00007fff3e7b0000 - 0x00007fff3e7b8000 	C:\WINDOWS\System32\PSAPI.DLL
0x00007fff2be70000 - 0x00007fff2be79000 	C:\WINDOWS\SYSTEM32\WSOCK32.dll
0x00007fff3d560000 - 0x00007fff3d5cb000 	C:\WINDOWS\System32\WS2_32.dll
0x00007fff2c2a0000 - 0x00007fff2c2c7000 	C:\WINDOWS\SYSTEM32\WINMM.dll
0x00007fff36250000 - 0x00007fff3625a000 	C:\WINDOWS\SYSTEM32\VERSION.dll
0x00007fff3adf0000 - 0x00007fff3adff000 	C:\Program Files\Amazon Corretto\jdk1.8.0_362\jre\bin\verify.dll
0x00007fff39a70000 - 0x00007fff39a99000 	C:\Program Files\Amazon Corretto\jdk1.8.0_362\jre\bin\java.dll
0x00007fff2e950000 - 0x00007fff2e966000 	C:\Program Files\Amazon Corretto\jdk1.8.0_362\jre\bin\zip.dll
0x00007fff3d5f0000 - 0x00007fff3dd34000 	C:\WINDOWS\System32\SHELL32.dll
0x00007fff3a620000 - 0x00007fff3adb3000 	C:\WINDOWS\SYSTEM32\windows.storage.dll
0x00007fff3d200000 - 0x00007fff3d554000 	C:\WINDOWS\System32\combase.dll
0x00007fff3c140000 - 0x00007fff3c16e000 	C:\WINDOWS\SYSTEM32\Wldp.dll
0x00007fff3ec20000 - 0x00007fff3eccd000 	C:\WINDOWS\System32\SHCORE.dll
0x00007fff3efa0000 - 0x00007fff3eff5000 	C:\WINDOWS\System32\shlwapi.dll
0x00007fff3c690000 - 0x00007fff3c6af000 	C:\WINDOWS\SYSTEM32\profapi.dll
0x000001a400630000 - 0x000001a400655000 	C:\Windows\System32\rxtxSerial.dll
0x00007fff29d60000 - 0x00007fff29f44000 	C:\WINDOWS\SYSTEM32\dbghelp.dll
0x00007fff3c940000 - 0x00007fff3c9c2000 	C:\WINDOWS\System32\bcryptPrimitives.dll

VM Arguments:
java_command: OpenSerial.jar COM5 4
java_class_path (initial): OpenSerial.jar
Launcher Type: SUN_STANDARD

Environment Variables:
JAVA_HOME=C:\Program Files\Amazon Corretto\jdk1.8.0_362
PATH=C:\Program Files\Amazon Corretto\jdk1.8.0_362\bin;C:\Program Files (x86)\Common Files\Oracle\Java\javapath;C:\Program Files\Microsoft MPI\Bin\;C:\Program Files (x86)\Micro Focus\Extra!\;D:\app\product\11.2.0\client_1\bin;C:\WINDOWS\system32;C:\WINDOWS;C:\WINDOWS\System32\Wbem;C:\WINDOWS\System32\WindowsPowerShell\v1.0\;C:\Program Files (x86)\HP\Unified Functional Testing\bin;C:\Program Files (x86)\IBM\Client Access\Emulator;C:\Program Files (x86)\IBM\Client Access\Shared;C:\Program Files (x86)\IBM\Client Access\;C:\Program Files (x86)\Microsoft SQL Server\Client SDK\ODBC\130\Tools\Binn\;C:\Program Files (x86)\Microsoft SQL Server\140\Tools\Binn\;C:\Program Files (x86)\Microsoft SQL Server\140\DTS\Binn\;C:\Program Files (x86)\Microsoft SQL Server\140\Tools\Binn\ManagementStudio\;C:\Program Files\Microsoft SQL Server\140\Tools\Binn\;C:\Program Files\Microsoft SQL Server\140\DTS\Binn\;C:\Program Files\Microsoft SQL Server\Client SDK\ODBC\130\Tools\Binn\;C:\WINDOWS\System32\OpenSSH\;C:\Program Files (x86)\Intel\Intel(R) Management Engine Components\DAL;C:\Program Files\Intel\Intel(R) Management Engine Components\DAL;C:\Program Files\Java\jdk1.8.0_202\bin;C:\Program Files\gs\gs10.00.0\bin;C:\Users\TEMP.BANCOLOMBIA.014\AppData\Local\Microsoft\WindowsApps;
USERNAME=cvelasqu
OS=Windows_NT
PROCESSOR_IDENTIFIER=Intel64 Family 6 Model 158 Stepping 9, GenuineIntel



---------------  S Y S T E M  ---------------

OS: Windows 10 , 64 bit Build 19041 (10.0.19041.2913)

CPU:total 4 (initial active 4) (4 cores per cpu, 1 threads per core) family 6 model 158 stepping 9, cmov, cx8, fxsr, mmx, sse, sse2, sse3, ssse3, sse4.1, sse4.2, popcnt, avx, avx2, aes, clmul, erms, rtm, 3dnowpref, lzcnt, tsc, tscinvbit, bmi1, bmi2, adx

Memory: 4k page, physical 16473552k(2547848k free), swap 48104396k(4898696k free)

vm_info: OpenJDK 64-Bit Server VM (25.362-b08) for windows-amd64 JRE (1.8.0_362-b08), built on Jan 13 2023 13:30:12 by "Administrator" with MS VC++ 12.0 (VS2013)

time: Tue Jun 27 10:55:41 2023
timezone: Hora est. Pacífico, Sudamérica
elapsed time: 4.333036 seconds (0d 0h 0m 4s)

